<?xml version="1.0" encoding="UTF-8"?>
<!-- Generated by org.testng.reporters.JUnitReportReporter -->
<testsuite hostname="uzmas-MacBook-Pro.local" failures="0" tests="2" name="createUsersTest" time="1.405" errors="0" timestamp="2024-05-13T13:51:14 IST" skipped="0">
  <testcase classname="createUsersTest" name="testCreateUser" time="1.242"/>
  <testcase classname="createUsersTest" name="testGetListOfUsers" time="0.163"/>
</testsuite> <!-- createUsersTest -->
